<?xml version="1.0" encoding="utf-8"?>
<!DOCTYPE hibernate-configuration PUBLIC
"-//Hibernate/Hibernate Configuration DTD 3.0//EN"
"http://www.jboss.org/dtd/hibernate/hibernate-configuration-3.0.dtd">
<hibernate-configuration>
<session-factory>
	<property name="hibernate.bytecode.use_reflection_optimizer">
		false
	</property>
	<property name="hibernate.connection.driver_class">
		org.apache.derby.jdbc.EmbeddedDriver
	</property>
	<property name="hibernate.connection.password">pafsys123</property>
	<property name="hibernate.connection.url">
		jdbc:derby:./pace-server/db/data/pafclientcache
	</property>
	<property name="hibernate.connection.username">pafsys</property>
	<property name="hibernate.dialect">
		org.hibernate.dialect.DerbyDialect
	</property>
	<property name="hibernate.myeclipse.connection.profile">
		Installed Derby
	</property>
	<property name="hibernate.show_sql">false</property>
	<property name="hibernate.use_identifier_rollback">true</property>
	<property name="myeclipse.connection.profile">
		PafClientCache
	</property>
	<property name="connection.url">
		jdbc:derby:./pace-server/db/data/pafclientcache
	</property>
	<property name="connection.username">pafsys</property>
	<property name="connection.password">pafsys123</property>
	<property name="connection.driver_class">
		org.apache.derby.jdbc.EmbeddedDriver
	</property>
	<property name="dialect">
		org.hibernate.dialect.DerbyDialect
	</property>
	<mapping
		resource="com/palladium/paf/maps/Application.hbm.xml" />
	<mapping
		resource="com/palladium/paf/maps/Dimension.hbm.xml" />
	<mapping
		resource="com/palladium/paf/maps/MemberTagId.hbm.xml" />
	<mapping
		resource="com/palladium/paf/maps/MemberTagCoord.hbm.xml" />
	<mapping
		resource="com/palladium/paf/maps/MemberTagData.hbm.xml" />
	<mapping resource="com/palladium/paf/maps/CellNote.hbm.xml" />
	<mapping resource="com/palladium/paf/maps/DataSource.hbm.xml" />
	<mapping resource="com/palladium/paf/maps/CellNoteMapping.hbm.xml" />
</session-factory>
</hibernate-configuration>
