<?xml version="1.0" encoding="utf-8"?>
<!DOCTYPE hibernate-configuration PUBLIC
"-//Hibernate/Hibernate Configuration DTD 3.0//EN"
"http://hibernate.sourceforge.net/hibernate-configuration-3.0.dtd">
<hibernate-configuration>
<session-factory>
	<property name="hibernate.bytecode.use_reflection_optimizer">
		false
	</property>
	<property name="hibernate.connection.driver_class">
		org.apache.derby.jdbc.EmbeddedDriver
	</property>
	<property name="hibernate.connection.password">pafsys</property>
	<property name="hibernate.connection.username">pafsys123</property>
	<property name="hibernate.dialect">
		org.hibernate.dialect.DerbyDialect
	</property>
	<property name="hibernate.use_identifier_rollback">true</property>
	<property name="hibernate.show_sql">false</property>
	<property name="myeclipse.connection.profile">
		Installed Derby
	</property>
	
	
	<property name="connection.username">pafsys</property>
	<property name="connection.password">pafsys123</property>
	
	<!-- Embedded connection properties
	
	<property name="connection.driver_class">
		org.apache.derby.jdbc.EmbeddedDriver
	</property>
	
	<property name="connection.url">
		jdbc:derby:c:\program files\pace\pafserver\db\data\pafclientcache
	</property>	
	
	-->
	
	<!-- Served connection properties 
	
	<property name="connection.driver_class">
		org.apache.derby.jdbc.ClientDriver
	</property>

	<property name="connection.url">
		jdbc:derby://localhost:1527/..\data\pafclientcache
	</property>		
	-->
		
	<!--  <property name="hibernate.cache.use_second_level_cache">true</property> -->
	
	<property name="dialect">
		org.hibernate.dialect.DerbyDialect
	</property>
	<mapping resource="com/palladium/paf/maps/Application.hbm.xml" />
	<mapping resource="com/palladium/paf/maps/CellNote.hbm.xml" />
	<mapping resource="com/palladium/paf/maps/DataSource.hbm.xml" />
	<mapping resource="com/palladium/paf/maps/Dimension.hbm.xml" />
	<mapping resource="com/palladium/paf/maps/CellNoteMapping.hbm.xml" />
</session-factory>
</hibernate-configuration>
